Arguments: 
  C:\Program Files\nodejs\node.exe C:\Users\leand\AppData\Roaming\npm\node_modules\yarn\bin\yarn.js add graphql graphql-tools apolo-server

PATH: 
  C:\Program Files\NVIDIA GPU Computing Toolkit\CUDA\v11.4\bin;C:\Program Files\NVIDIA GPU Computing Toolkit\CUDA\v11.4\libnvvp;C:\Program Files\Common Files\Oracle\Java\javapath;C:\Program Files (x86)\Common Files\Oracle\Java\javapath;C:\Windows\system32;C:\Windows;C:\Windows\System32\Wbem;C:\Windows\System32\WindowsPowerShell\v1.0\;C:\Windows\System32\OpenSSH\;C:\Program Files\dotnet\;C:\Program Files\Git\cmd;C:\Program Files\nodejs\;C:\Program Files\PuTTY\;C:\Program Files\NVIDIA Corporation\Nsight Compute 2021.2.2\;C:\Program Files (x86)\NVIDIA Corporation\PhysX\Common;C:\Program Files\NVIDIA Corporation\NVIDIA NvDLISR;C:\Program Files\PostgreSQL\12\bin;C:\Users\leand\AppData\Local\Programs\Python\Python39\Scripts\;C:\Users\leand\AppData\Local\Programs\Python\Python39\;C:\Users\leand\AppData\Local\Microsoft\WindowsApps;;C:\Users\leand\AppData\Local\Programs\Microsoft VS Code\bin;C:\Users\leand\AppData\Roaming\npm

Yarn version: 
  1.22.15

Node version: 
  14.17.6

Platform: 
  win32 x64

Trace: 
  Error: https://registry.yarnpkg.com/apolo-server: Not found
      at Request.params.callback [as _callback] (C:\Users\leand\AppData\Roaming\npm\node_modules\yarn\lib\cli.js:66140:18)
      at Request.self.callback (C:\Users\leand\AppData\Roaming\npm\node_modules\yarn\lib\cli.js:140885:22)
      at Request.emit (events.js:400:28)
      at Request.<anonymous> (C:\Users\leand\AppData\Roaming\npm\node_modules\yarn\lib\cli.js:141857:10)
      at Request.emit (events.js:400:28)
      at IncomingMessage.<anonymous> (C:\Users\leand\AppData\Roaming\npm\node_modules\yarn\lib\cli.js:141779:12)
      at Object.onceWrapper (events.js:519:28)
      at IncomingMessage.emit (events.js:412:35)
      at endReadableNT (internal/streams/readable.js:1317:12)
      at processTicksAndRejections (internal/process/task_queues.js:82:21)

npm manifest: 
  {
    "name": "LaboratorioWW",
    "version": "1.0.0",
    "description": "",
    "main": "index.js",
    "scripts": {
      "test": "echo \"Error: no test specified\" && exit 1"
    },
    "keywords": [],
    "author": "",
    "license": "ISC"
  }

yarn manifest: 
  No manifest

Lockfile: 
  No lockfile
